<?xml version="1.0" encoding="UTF-8"?>
<!-- Generated by org.testng.reporters.JUnitReportReporter -->
<testsuite hostname="MSI" failures="0" tests="2" name="com.simplilearn.testng.NewTest" time="123.112" errors="0" timestamp="2022-10-11T10:14:46 IST" skipped="0">
  <testcase classname="com.simplilearn.testng.NewTest" name="search" time="49.358"/>
  <system-out/>
  <testcase classname="com.simplilearn.testng.NewTest" name="LoadTime" time="73.754"/>
  <system-out/>
</testsuite> <!-- com.simplilearn.testng.NewTest -->
